#
# There is insufficient memory for the Java Runtime Environment to continue.
# Native memory allocation (mmap) failed to map 134217728 bytes for G1 virtual space
# Possible reasons:
#   The system is out of physical RAM or swap space
#   The process is running with CompressedOops enabled, and the Java Heap may be blocking the growth of the native heap
# Possible solutions:
#   Reduce memory load on the system
#   Increase physical memory or swap space
#   Check if swap backing store is full
#   Decrease Java heap size (-Xmx/-Xms)
#   Decrease number of Java threads
#   Decrease Java thread stack sizes (-Xss)
#   Set larger code cache with -XX:ReservedCodeCacheSize=
#   JVM is running with Unscaled Compressed Oops mode in which the Java heap is
#     placed in the first 4GB address space. The Java Heap base address is the
#     maximum limit for the native heap growth. Please use -XX:HeapBaseMinAddress
#     to set the Java Heap base and to place the Java Heap above 4GB virtual address.
# This output file may be truncated or incomplete.
#
#  Out of Memory Error (os_windows.cpp:3532), pid=7868, tid=6260
#
# JRE version:  (17.0.2+8) (build )
# Java VM: OpenJDK 64-Bit Server VM (17.0.2+8-86, mixed mode, sharing, tiered, compressed oops, compressed class ptrs, g1 gc, windows-amd64)
# No core dump will be written. Minidumps are not enabled by default on client versions of Windows
#

---------------  S U M M A R Y ------------

Command Line: -javaagent:C:\Program Files\JetBrains\IntelliJ IDEA Community Edition 2021.2.2\lib\idea_rt.jar=52338:C:\Program Files\JetBrains\IntelliJ IDEA Community Edition 2021.2.2\bin -Dfile.encoding=UTF-8 main

Host: Intel(R) Core(TM)2 Quad CPU    Q9400  @ 2.66GHz, 4 cores, 7G,  Windows 7 , 64 bit Build 7601 (6.1.7601.19135)
Time: Sun Jan 30 23:08:37 2022 RTZ 3 (зима) elapsed time: 2.180690 seconds (0d 0h 0m 2s)

---------------  T H R E A D  ---------------

Current thread (0x00000000002f99b0):  JavaThread "Unknown thread" [_thread_in_vm, id=6260, stack(0x0000000001f00000,0x0000000002000000)]

Stack: [0x0000000001f00000,0x0000000002000000]
Native frames: (J=compiled Java code, j=interpreted, Vv=VM code, C=native code)
V  [jvm.dll+0x670baa]
V  [jvm.dll+0x7cfcb4]
V  [jvm.dll+0x7d145e]
V  [jvm.dll+0x7d1ac3]
V  [jvm.dll+0x242bc5]
V  [jvm.dll+0x66dac9]
V  [jvm.dll+0x662412]
V  [jvm.dll+0x300c0b]
V  [jvm.dll+0x3081a6]
V  [jvm.dll+0x357d0e]
V  [jvm.dll+0x357f3f]
V  [jvm.dll+0x2d7ec8]
V  [jvm.dll+0x2d8e34]
V  [jvm.dll+0x7a18c1]
V  [jvm.dll+0x365a91]
V  [jvm.dll+0x780d2c]
V  [jvm.dll+0x3e845f]
V  [jvm.dll+0x3e9f01]
C  [jli.dll+0x527b]
C  [ucrtbase.DLL+0x1d912]
C  [kernel32.dll+0x159ed]
C  [ntdll.dll+0x2b371]


---------------  P R O C E S S  ---------------

Threads class SMR info:
_java_thread_list=0x000007fedbb79858, length=0, elements={
}

Java Threads: ( => current thread )

Other Threads:
  0x000000000033e170 GCTaskThread "GC Thread#0" [stack: 0x000000001e0e0000,0x000000001e1e0000] [id=8112]
  0x0000000000350380 ConcurrentGCThread "G1 Main Marker" [stack: 0x000000001e1e0000,0x000000001e2e0000] [id=4036]
  0x0000000000350ca0 ConcurrentGCThread "G1 Conc#0" [stack: 0x000000001e3e0000,0x000000001e4e0000] [id=7912]

[error occurred during error reporting (printing all threads), id 0xc0000005, EXCEPTION_ACCESS_VIOLATION (0xc0000005) at pc=0x000007fedb3c88a7]

VM state: not at safepoint (not fully initialized)

VM Mutex/Monitor currently owned by a thread:  ([mutex/lock_event])
[0x00000000002f1fe0] Heap_lock - owner thread: 0x00000000002f99b0

Heap address: 0x0000000080000000, size: 2048 MB, Compressed Oops mode: 32-bit

CDS archive(s) mapped at: [0x0000000000000000-0x0000000000000000-0x0000000000000000), size 0, SharedBaseAddress: 0x0000000800000000, ArchiveRelocationMode: 0.
Narrow klass base: 0x0000000000000000, Narrow klass shift: 0, Narrow klass range: 0x0

GC Precious Log:
<Empty>

Heap:
 garbage-first heap   total 0K, used 0K [0x0000000080000000, 0x0000000100000000)
  region size 1024K, 0 young (0K), 0 survivors (0K)

[error occurred during error reporting (printing heap information), id 0xc0000005, EXCEPTION_ACCESS_VIOLATION (0xc0000005) at pc=0x000007fedb7a9f19]

GC Heap History (0 events):
No events

Deoptimization events (0 events):
No events

Classes unloaded (0 events):
No events

Classes redefined (0 events):
No events

Internal exceptions (0 events):
No events

VM Operations (0 events):
No events

Events (1 events):
Event: 1.102 Loaded shared library C:\Users\LEXA\.jdks\openjdk-17.0.2\bin\java.dll


Dynamic libraries:
0x000000013fb30000 - 0x000000013fb3e000 	C:\Users\LEXA\.jdks\openjdk-17.0.2\bin\java.exe
0x00000000772a0000 - 0x000000007744a000 	C:\Windows\SYSTEM32\ntdll.dll
0x000007fef1f10000 - 0x000007fef1f44000 	C:\Program Files\AVAST Software\Avast\x64\aswhooka.dll
0x0000000077080000 - 0x000000007719f000 	C:\Windows\system32\kernel32.dll
0x000007fefd370000 - 0x000007fefd3db000 	C:\Windows\system32\KERNELBASE.dll
0x000007fef8760000 - 0x000007fef8778000 	C:\Users\LEXA\.jdks\openjdk-17.0.2\bin\jli.dll
0x000007fefba60000 - 0x000007fefbc54000 	C:\Windows\WinSxS\amd64_microsoft.windows.common-controls_6595b64144ccf1df_6.0.7601.18837_none_fa3b1e3d17594757\COMCTL32.dll
0x000007fefeea0000 - 0x000007fefef3f000 	C:\Windows\system32\msvcrt.dll
0x000007fefdca0000 - 0x000007fefdd07000 	C:\Windows\system32\GDI32.dll
0x00000000771a0000 - 0x000000007729a000 	C:\Windows\system32\USER32.dll
0x000007fefdde0000 - 0x000007fefddee000 	C:\Windows\system32\LPK.dll
0x000007fefef40000 - 0x000007feff00a000 	C:\Windows\system32\USP10.dll
0x000007feff010000 - 0x000007feff081000 	C:\Windows\system32\SHLWAPI.dll
0x000007fef8740000 - 0x000007fef875a000 	C:\Users\LEXA\.jdks\openjdk-17.0.2\bin\VCRUNTIME140.dll
0x000007fef8720000 - 0x000007fef8724000 	C:\Users\LEXA\.jdks\openjdk-17.0.2\bin\api-ms-win-crt-runtime-l1-1-0.dll
0x000007fef7aa0000 - 0x000007fef7b9a000 	C:\Users\LEXA\.jdks\openjdk-17.0.2\bin\ucrtbase.DLL
0x000007fef8710000 - 0x000007fef8713000 	C:\Users\LEXA\.jdks\openjdk-17.0.2\bin\api-ms-win-core-localization-l1-2-0.dll
0x000007fef8700000 - 0x000007fef8703000 	C:\Users\LEXA\.jdks\openjdk-17.0.2\bin\api-ms-win-core-processthreads-l1-1-1.dll
0x000007fef7a90000 - 0x000007fef7a93000 	C:\Users\LEXA\.jdks\openjdk-17.0.2\bin\api-ms-win-core-file-l1-2-0.dll
0x000007fef7a80000 - 0x000007fef7a83000 	C:\Users\LEXA\.jdks\openjdk-17.0.2\bin\api-ms-win-core-timezone-l1-1-0.dll
0x000007fef7a70000 - 0x000007fef7a73000 	C:\Users\LEXA\.jdks\openjdk-17.0.2\bin\api-ms-win-core-file-l2-1-0.dll
0x000007fef7a60000 - 0x000007fef7a63000 	C:\Users\LEXA\.jdks\openjdk-17.0.2\bin\api-ms-win-core-synch-l1-2-0.dll
0x000007fef7a50000 - 0x000007fef7a53000 	C:\Users\LEXA\.jdks\openjdk-17.0.2\bin\api-ms-win-crt-heap-l1-1-0.dll
0x000007fef7a40000 - 0x000007fef7a44000 	C:\Users\LEXA\.jdks\openjdk-17.0.2\bin\api-ms-win-crt-string-l1-1-0.dll
0x000007fef7a30000 - 0x000007fef7a34000 	C:\Users\LEXA\.jdks\openjdk-17.0.2\bin\api-ms-win-crt-stdio-l1-1-0.dll
0x000007fef7a00000 - 0x000007fef7a04000 	C:\Users\LEXA\.jdks\openjdk-17.0.2\bin\api-ms-win-crt-convert-l1-1-0.dll
0x000007fef79f0000 - 0x000007fef79f3000 	C:\Users\LEXA\.jdks\openjdk-17.0.2\bin\api-ms-win-crt-environment-l1-1-0.dll
0x000007fef79e0000 - 0x000007fef79e3000 	C:\Users\LEXA\.jdks\openjdk-17.0.2\bin\api-ms-win-crt-filesystem-l1-1-0.dll
0x000007fef79d0000 - 0x000007fef79d5000 	C:\Users\LEXA\.jdks\openjdk-17.0.2\bin\api-ms-win-crt-math-l1-1-0.dll
0x000007fef79c0000 - 0x000007fef79c3000 	C:\Users\LEXA\.jdks\openjdk-17.0.2\bin\api-ms-win-crt-locale-l1-1-0.dll
0x000007fefdd10000 - 0x000007fefdd3e000 	C:\Windows\system32\IMM32.DLL
0x000007feff090000 - 0x000007feff199000 	C:\Windows\system32\MSCTF.dll
0x000007fef79b0000 - 0x000007fef79bc000 	C:\Users\LEXA\.jdks\openjdk-17.0.2\bin\vcruntime140_1.dll
0x000007fef5e70000 - 0x000007fef5efd000 	C:\Users\LEXA\.jdks\openjdk-17.0.2\bin\msvcp140.dll
0x000007fef79a0000 - 0x000007fef79a3000 	C:\Users\LEXA\.jdks\openjdk-17.0.2\bin\api-ms-win-crt-time-l1-1-0.dll
0x000007fef7990000 - 0x000007fef7993000 	C:\Users\LEXA\.jdks\openjdk-17.0.2\bin\api-ms-win-crt-utility-l1-1-0.dll
0x000007fedb0e0000 - 0x000007fedbca1000 	C:\Users\LEXA\.jdks\openjdk-17.0.2\bin\server\jvm.dll
0x000007fefd8f0000 - 0x000007fefd9cb000 	C:\Windows\system32\ADVAPI32.dll
0x000007feff2d0000 - 0x000007feff2ef000 	C:\Windows\SYSTEM32\sechost.dll
0x000007feff1a0000 - 0x000007feff2cd000 	C:\Windows\system32\RPCRT4.dll
0x000007fef2330000 - 0x000007fef2339000 	C:\Windows\system32\WSOCK32.dll
0x000007fefd820000 - 0x000007fefd86d000 	C:\Windows\system32\WS2_32.dll
0x000007fefee90000 - 0x000007fefee98000 	C:\Windows\system32\NSI.dll
0x000007fefa4f0000 - 0x000007fefa52b000 	C:\Windows\system32\WINMM.dll
0x000007fefc0f0000 - 0x000007fefc0fc000 	C:\Windows\system32\VERSION.dll
0x0000000077460000 - 0x0000000077467000 	C:\Windows\system32\PSAPI.DLL
0x000007fef7980000 - 0x000007fef798a000 	C:\Users\LEXA\.jdks\openjdk-17.0.2\bin\jimage.dll
0x000007fef4bc0000 - 0x000007fef4ce5000 	C:\Windows\system32\DBGHELP.DLL
0x000007fef7970000 - 0x000007fef797e000 	C:\Users\LEXA\.jdks\openjdk-17.0.2\bin\instrument.dll
0x000007fef7900000 - 0x000007fef7925000 	C:\Users\LEXA\.jdks\openjdk-17.0.2\bin\java.dll

dbghelp: loaded successfully - version: 4.0.5 - missing functions: none
symbol engine: initialized successfully - sym options: 0x614 - pdb path: .;C:\Users\LEXA\.jdks\openjdk-17.0.2\bin;C:\Windows\SYSTEM32;C:\Program Files\AVAST Software\Avast\x64;C:\Windows\WinSxS\amd64_microsoft.windows.common-controls_6595b64144ccf1df_6.0.7601.18837_none_fa3b1e3d17594757;C:\Users\LEXA\.jdks\openjdk-17.0.2\bin\server

VM Arguments:
jvm_args: -javaagent:C:\Program Files\JetBrains\IntelliJ IDEA Community Edition 2021.2.2\lib\idea_rt.jar=52338:C:\Program Files\JetBrains\IntelliJ IDEA Community Edition 2021.2.2\bin -Dfile.encoding=UTF-8 
java_command: main
java_class_path (initial): C:\Users\LEXA\Desktop\Idea Projects\HTML_parsing\out\production\HTML_parsing;C:\Program Files\JetBrains\jsoup-1.14.3.jar
Launcher Type: SUN_STANDARD

[Global flags]
     intx CICompilerCount                          = 3                                         {product} {ergonomic}
     uint ConcGCThreads                            = 1                                         {product} {ergonomic}
     uint G1ConcRefinementThreads                  = 4                                         {product} {ergonomic}
   size_t G1HeapRegionSize                         = 1048576                                   {product} {ergonomic}
    uintx GCDrainStackTargetSize                   = 64                                        {product} {ergonomic}
   size_t InitialHeapSize                          = 134217728                                 {product} {ergonomic}
   size_t MarkStackSize                            = 4194304                                   {product} {ergonomic}
   size_t MaxHeapSize                              = 2147483648                                {product} {ergonomic}
   size_t MinHeapDeltaBytes                        = 1048576                                   {product} {ergonomic}
   size_t MinHeapSize                              = 8388608                                   {product} {ergonomic}
    uintx NonNMethodCodeHeapSize                   = 5832780                                {pd product} {ergonomic}
    uintx NonProfiledCodeHeapSize                  = 122912730                              {pd product} {ergonomic}
    uintx ProfiledCodeHeapSize                     = 122912730                              {pd product} {ergonomic}
    uintx ReservedCodeCacheSize                    = 251658240                              {pd product} {ergonomic}
     bool SegmentedCodeCache                       = true                                      {product} {ergonomic}
   size_t SoftMaxHeapSize                          = 2147483648                             {manageable} {ergonomic}
     bool UseCompressedClassPointers               = true                           {product lp64_product} {ergonomic}
     bool UseCompressedOops                        = true                           {product lp64_product} {ergonomic}
     bool UseG1GC                                  = true                                      {product} {ergonomic}
     bool UseLargePagesIndividualAllocation        = false                                  {pd product} {ergonomic}

Logging:
Log output configuration:
 #0: stdout all=warning uptime,level,tags
 #1: stderr all=off uptime,level,tags

Environment Variables:
PATH=C:\Program Files\Common Files\Oracle\Java\javapath;C:\Program Files (x86)\NVIDIA Corporation\PhysX\Common;C:\Program Files (x86)\Python26\;C:\Windows\system32;C:\Windows;C:\Windows\System32\Wbem;C:\Windows\System32\WindowsPowerShell\v1.0\;c:\Program Files (x86)\Microsoft SQL Server\100\Tools\Binn\;c:\Program Files\Microsoft SQL Server\100\Tools\Binn\;c:\Program Files\Microsoft SQL Server\100\DTS\Binn\;c:\ANDROID\sdk\tools;c:\ANDROID\sdk\platform-tools;C:\adb;C:\Program Files\Git\cmd
USERNAME=LEXA
OS=Windows_NT
PROCESSOR_IDENTIFIER=Intel64 Family 6 Model 23 Stepping 10, GenuineIntel



---------------  S Y S T E M  ---------------

OS:
 Windows 7 , 64 bit Build 7601 (6.1.7601.19135)
OS uptime: 2 days 13:13 hours

CPU: total 4 (initial active 4) (4 cores per cpu, 1 threads per core) family 6 model 23 stepping 10 microcode 0x0, cx8, cmov, fxsr, mmx, sse, sse2, ssse3, tsc, clflush

Memory: 4k page, system-wide physical 8191M (3254M free)
TotalPageFile size 8189M (AvailPageFile size 56M)
current process WorkingSet (physical memory assigned to process): 10M, peak: 10M
current process commit charge ("private bytes"): 58M, peak: 185M

vm_info: OpenJDK 64-Bit Server VM (17.0.2+8-86) for windows-amd64 JRE (17.0.2+8-86), built on Dec  7 2021 21:49:10 by "mach5one" with MS VC++ 16.8 / 16.9 (VS2019)

END.
